# Logfile created on 2017-07-18 17:14:51 +0000 by logger.rb/54362
I, [2017-07-18T17:20:22.547982 #39527]  INFO -- : (0.002168s) SET standard_conforming_strings = ON
I, [2017-07-18T17:20:22.549149 #39527]  INFO -- : (0.000203s) SET client_min_messages = 'WARNING'
I, [2017-07-18T17:20:22.549445 #39527]  INFO -- : (0.000142s) SET DateStyle = 'ISO'
I, [2017-07-18T17:20:22.560573 #39527]  INFO -- : (0.008564s) SELECT "pg_attribute"."attname" AS "name", CAST("pg_attribute"."atttypid" AS integer) AS "oid", CAST("basetype"."oid" AS integer) AS "base_oid", format_type("basetype"."oid", "pg_type"."typtypmod") AS "db_base_type", format_type("pg_type"."oid", "pg_attribute"."atttypmod") AS "db_type", pg_get_expr("pg_attrdef"."adbin", "pg_class"."oid") AS "default", NOT "pg_attribute"."attnotnull" AS "allow_null", COALESCE(("pg_attribute"."attnum" = ANY("pg_index"."indkey")), false) AS "primary_key" FROM "pg_class" INNER JOIN "pg_attribute" ON ("pg_attribute"."attrelid" = "pg_class"."oid") INNER JOIN "pg_type" ON ("pg_type"."oid" = "pg_attribute"."atttypid") LEFT OUTER JOIN "pg_type" AS "basetype" ON ("basetype"."oid" = "pg_type"."typbasetype") LEFT OUTER JOIN "pg_attrdef" ON (("pg_attrdef"."adrelid" = "pg_class"."oid") AND ("pg_attrdef"."adnum" = "pg_attribute"."attnum")) LEFT OUTER JOIN "pg_index" ON (("pg_index"."indrelid" = "pg_class"."oid") AND ("pg_index"."indisprimary" IS TRUE)) WHERE (("pg_attribute"."attisdropped" IS FALSE) AND ("pg_attribute"."attnum" > 0) AND ("pg_class"."oid" = CAST(CAST('"users"' AS regclass) AS oid))) ORDER BY "pg_attribute"."attnum"
I, [2017-07-18T17:20:22.566283 #39527]  INFO -- : (0.001776s) SELECT * FROM "users" WHERE ("citibike_id" = 'NU7S9DAK-1') LIMIT 1
I, [2017-07-18T17:21:17.284304 #39527]  INFO -- : (0.000716s) SELECT * FROM "users" WHERE ("id" = 1) LIMIT 1
I, [2017-07-18T17:22:08.800941 #39527]  INFO -- : (0.000496s) SELECT * FROM "users" WHERE ("id" = 1) LIMIT 1
I, [2017-07-18T17:22:12.242997 #39527]  INFO -- : (0.002768s) SELECT "pg_attribute"."attname" AS "name", CAST("pg_attribute"."atttypid" AS integer) AS "oid", CAST("basetype"."oid" AS integer) AS "base_oid", format_type("basetype"."oid", "pg_type"."typtypmod") AS "db_base_type", format_type("pg_type"."oid", "pg_attribute"."atttypmod") AS "db_type", pg_get_expr("pg_attrdef"."adbin", "pg_class"."oid") AS "default", NOT "pg_attribute"."attnotnull" AS "allow_null", COALESCE(("pg_attribute"."attnum" = ANY("pg_index"."indkey")), false) AS "primary_key" FROM "pg_class" INNER JOIN "pg_attribute" ON ("pg_attribute"."attrelid" = "pg_class"."oid") INNER JOIN "pg_type" ON ("pg_type"."oid" = "pg_attribute"."atttypid") LEFT OUTER JOIN "pg_type" AS "basetype" ON ("basetype"."oid" = "pg_type"."typbasetype") LEFT OUTER JOIN "pg_attrdef" ON (("pg_attrdef"."adrelid" = "pg_class"."oid") AND ("pg_attrdef"."adnum" = "pg_attribute"."attnum")) LEFT OUTER JOIN "pg_index" ON (("pg_index"."indrelid" = "pg_class"."oid") AND ("pg_index"."indisprimary" IS TRUE)) WHERE (("pg_attribute"."attisdropped" IS FALSE) AND ("pg_attribute"."attnum" > 0) AND ("pg_class"."oid" = CAST(CAST('"statistics"' AS regclass) AS oid))) ORDER BY "pg_attribute"."attnum"
I, [2017-07-18T17:22:12.245727 #39527]  INFO -- : (0.000709s) SELECT * FROM "statistics" WHERE ("user_id" = 1) LIMIT 1
I, [2017-07-18T17:22:14.956161 #39527]  INFO -- : (0.002795s) SELECT "pg_attribute"."attname" AS "name", CAST("pg_attribute"."atttypid" AS integer) AS "oid", CAST("basetype"."oid" AS integer) AS "base_oid", format_type("basetype"."oid", "pg_type"."typtypmod") AS "db_base_type", format_type("pg_type"."oid", "pg_attribute"."atttypmod") AS "db_type", pg_get_expr("pg_attrdef"."adbin", "pg_class"."oid") AS "default", NOT "pg_attribute"."attnotnull" AS "allow_null", COALESCE(("pg_attribute"."attnum" = ANY("pg_index"."indkey")), false) AS "primary_key" FROM "pg_class" INNER JOIN "pg_attribute" ON ("pg_attribute"."attrelid" = "pg_class"."oid") INNER JOIN "pg_type" ON ("pg_type"."oid" = "pg_attribute"."atttypid") LEFT OUTER JOIN "pg_type" AS "basetype" ON ("basetype"."oid" = "pg_type"."typbasetype") LEFT OUTER JOIN "pg_attrdef" ON (("pg_attrdef"."adrelid" = "pg_class"."oid") AND ("pg_attrdef"."adnum" = "pg_attribute"."attnum")) LEFT OUTER JOIN "pg_index" ON (("pg_index"."indrelid" = "pg_class"."oid") AND ("pg_index"."indisprimary" IS TRUE)) WHERE (("pg_attribute"."attisdropped" IS FALSE) AND ("pg_attribute"."attnum" > 0) AND ("pg_class"."oid" = CAST(CAST('"trips"' AS regclass) AS oid))) ORDER BY "pg_attribute"."attnum"
I, [2017-07-18T17:22:14.960206 #39527]  INFO -- : (0.001382s) SELECT * FROM "trips" WHERE ("trips"."user_id" = 1) ORDER BY "ended_at" DESC LIMIT 1
I, [2017-07-18T17:22:15.784262 #39527]  INFO -- : (0.002625s) SELECT "pg_attribute"."attname" AS "name", CAST("pg_attribute"."atttypid" AS integer) AS "oid", CAST("basetype"."oid" AS integer) AS "base_oid", format_type("basetype"."oid", "pg_type"."typtypmod") AS "db_base_type", format_type("pg_type"."oid", "pg_attribute"."atttypmod") AS "db_type", pg_get_expr("pg_attrdef"."adbin", "pg_class"."oid") AS "default", NOT "pg_attribute"."attnotnull" AS "allow_null", COALESCE(("pg_attribute"."attnum" = ANY("pg_index"."indkey")), false) AS "primary_key" FROM "pg_class" INNER JOIN "pg_attribute" ON ("pg_attribute"."attrelid" = "pg_class"."oid") INNER JOIN "pg_type" ON ("pg_type"."oid" = "pg_attribute"."atttypid") LEFT OUTER JOIN "pg_type" AS "basetype" ON ("basetype"."oid" = "pg_type"."typbasetype") LEFT OUTER JOIN "pg_attrdef" ON (("pg_attrdef"."adrelid" = "pg_class"."oid") AND ("pg_attrdef"."adnum" = "pg_attribute"."attnum")) LEFT OUTER JOIN "pg_index" ON (("pg_index"."indrelid" = "pg_class"."oid") AND ("pg_index"."indisprimary" IS TRUE)) WHERE (("pg_attribute"."attisdropped" IS FALSE) AND ("pg_attribute"."attnum" > 0) AND ("pg_class"."oid" = CAST(CAST('"stations"' AS regclass) AS oid))) ORDER BY "pg_attribute"."attnum"
I, [2017-07-18T17:22:15.789004 #39527]  INFO -- : (0.001276s) SELECT * FROM "stations" WHERE ("name" = 'Mott St & Prince St') LIMIT 1
I, [2017-07-18T17:22:15.790217 #39527]  INFO -- : (0.000527s) SELECT * FROM "stations" WHERE ("name" = 'Allen St & Hester St') LIMIT 1
I, [2017-07-18T17:22:15.792989 #39527]  INFO -- : (0.000729s) SELECT * FROM "trips" WHERE (("user_id" = 1) AND ("origin_id" = 1) AND ("destination_id" = 2) AND ("started_at" = '2016-10-03 17:23:56.000000+0000') AND ("ended_at" = '2016-10-03 17:30:17.000000+0000') AND ("duration_in_seconds" = 381)) LIMIT 1
I, [2017-07-18T17:22:16.388176 #39527]  INFO -- : (0.000608s) SELECT * FROM "statistics" WHERE ("statistics"."user_id" = 1) LIMIT 1
I, [2017-07-18T17:22:40.813364 #39527]  INFO -- : (0.000672s) SELECT * FROM "users" WHERE ("id" = 1) LIMIT 1
I, [2017-07-18T17:22:40.815086 #39527]  INFO -- : (0.000713s) SELECT count(*) AS "count" FROM "trips" WHERE ("trips"."user_id" = 1) LIMIT 1
I, [2017-07-18T17:22:40.816503 #39527]  INFO -- : (0.000935s) SELECT * FROM "trips" WHERE ("trips"."user_id" = 1) ORDER BY "ended_at" DESC LIMIT 100 OFFSET 0
I, [2017-07-18T17:22:40.820959 #39527]  INFO -- : (0.001518s) SELECT * FROM "stations" WHERE "id" = 1
I, [2017-07-18T17:22:40.834822 #39527]  INFO -- : (0.002459s) SELECT "pg_attribute"."attname" AS "name", CAST("pg_attribute"."atttypid" AS integer) AS "oid", CAST("basetype"."oid" AS integer) AS "base_oid", format_type("basetype"."oid", "pg_type"."typtypmod") AS "db_base_type", format_type("pg_type"."oid", "pg_attribute"."atttypmod") AS "db_type", pg_get_expr("pg_attrdef"."adbin", "pg_class"."oid") AS "default", NOT "pg_attribute"."attnotnull" AS "allow_null", COALESCE(("pg_attribute"."attnum" = ANY("pg_index"."indkey")), false) AS "primary_key" FROM "pg_class" INNER JOIN "pg_attribute" ON ("pg_attribute"."attrelid" = "pg_class"."oid") INNER JOIN "pg_type" ON ("pg_type"."oid" = "pg_attribute"."atttypid") LEFT OUTER JOIN "pg_type" AS "basetype" ON ("basetype"."oid" = "pg_type"."typbasetype") LEFT OUTER JOIN "pg_attrdef" ON (("pg_attrdef"."adrelid" = "pg_class"."oid") AND ("pg_attrdef"."adnum" = "pg_attribute"."attnum")) LEFT OUTER JOIN "pg_index" ON (("pg_index"."indrelid" = "pg_class"."oid") AND ("pg_index"."indisprimary" IS TRUE)) WHERE (("pg_attribute"."attisdropped" IS FALSE) AND ("pg_attribute"."attnum" > 0) AND ("pg_class"."oid" = CAST(CAST('"routes"' AS regclass) AS oid))) ORDER BY "pg_attribute"."attnum"
I, [2017-07-18T17:22:40.837526 #39527]  INFO -- : (0.000509s) SELECT * FROM "stations" WHERE "id" = 2
I, [2017-07-18T17:22:40.838606 #39527]  INFO -- : (0.000343s) SELECT * FROM "stations" WHERE "id" = 3
I, [2017-07-18T17:22:40.839182 #39527]  INFO -- : (0.000388s) SELECT * FROM "stations" WHERE "id" = 4
I, [2017-07-18T17:22:40.840055 #39527]  INFO -- : (0.000288s) SELECT * FROM "stations" WHERE "id" = 5
I, [2017-07-18T17:22:40.840493 #39527]  INFO -- : (0.000246s) SELECT * FROM "stations" WHERE "id" = 3
I, [2017-07-18T17:22:40.841420 #39527]  INFO -- : (0.000291s) SELECT * FROM "stations" WHERE "id" = 1
I, [2017-07-18T17:22:40.841870 #39527]  INFO -- : (0.000282s) SELECT * FROM "stations" WHERE "id" = 6
I, [2017-07-18T17:22:40.842754 #39527]  INFO -- : (0.000294s) SELECT * FROM "stations" WHERE "id" = 7
I, [2017-07-18T17:22:40.843173 #39527]  INFO -- : (0.000248s) SELECT * FROM "stations" WHERE "id" = 1
I, [2017-07-18T17:22:40.844091 #39527]  INFO -- : (0.000346s) SELECT * FROM "stations" WHERE "id" = 4
I, [2017-07-18T17:22:40.844549 #39527]  INFO -- : (0.000263s) SELECT * FROM "stations" WHERE "id" = 8
I, [2017-07-18T17:22:40.845418 #39527]  INFO -- : (0.000290s) SELECT * FROM "stations" WHERE "id" = 9
I, [2017-07-18T17:22:40.845851 #39527]  INFO -- : (0.000245s) SELECT * FROM "stations" WHERE "id" = 10
I, [2017-07-18T17:22:40.846819 #39527]  INFO -- : (0.000347s) SELECT * FROM "stations" WHERE "id" = 9
I, [2017-07-18T17:22:40.847349 #39527]  INFO -- : (0.000299s) SELECT * FROM "stations" WHERE "id" = 9
I, [2017-07-18T17:22:40.848257 #39527]  INFO -- : (0.000293s) SELECT * FROM "stations" WHERE "id" = 11
I, [2017-07-18T17:22:40.848689 #39527]  INFO -- : (0.000243s) SELECT * FROM "stations" WHERE "id" = 12
I, [2017-07-18T17:22:40.849579 #39527]  INFO -- : (0.000317s) SELECT * FROM "stations" WHERE "id" = 13
I, [2017-07-18T17:22:40.850074 #39527]  INFO -- : (0.000311s) SELECT * FROM "stations" WHERE "id" = 11
I, [2017-07-18T17:22:40.850978 #39527]  INFO -- : (0.000319s) SELECT * FROM "stations" WHERE "id" = 1
I, [2017-07-18T17:22:40.851603 #39527]  INFO -- : (0.000273s) SELECT * FROM "stations" WHERE "id" = 13
I, [2017-07-18T17:22:40.852501 #39527]  INFO -- : (0.000265s) SELECT * FROM "stations" WHERE "id" = 14
I, [2017-07-18T17:22:40.852915 #39527]  INFO -- : (0.000244s) SELECT * FROM "stations" WHERE "id" = 1
I, [2017-07-18T17:22:40.853771 #39527]  INFO -- : (0.000289s) SELECT * FROM "stations" WHERE "id" = 15
I, [2017-07-18T17:22:40.854201 #39527]  INFO -- : (0.000244s) SELECT * FROM "stations" WHERE "id" = 16
I, [2017-07-18T17:22:40.855115 #39527]  INFO -- : (0.000323s) SELECT * FROM "stations" WHERE "id" = 17
I, [2017-07-18T17:22:40.855589 #39527]  INFO -- : (0.000285s) SELECT * FROM "stations" WHERE "id" = 18
I, [2017-07-18T17:22:40.856985 #39527]  INFO -- : (0.000306s) SELECT * FROM "stations" WHERE "id" = 1
I, [2017-07-18T17:22:40.857453 #39527]  INFO -- : (0.000275s) SELECT * FROM "stations" WHERE "id" = 17
I, [2017-07-18T17:22:40.858313 #39527]  INFO -- : (0.000320s) SELECT * FROM "stations" WHERE "id" = 19
I, [2017-07-18T17:22:40.858773 #39527]  INFO -- : (0.000289s) SELECT * FROM "stations" WHERE "id" = 1
I, [2017-07-18T17:22:40.859671 #39527]  INFO -- : (0.000287s) SELECT * FROM "stations" WHERE "id" = 1
I, [2017-07-18T17:22:40.860302 #39527]  INFO -- : (0.000331s) SELECT * FROM "stations" WHERE "id" = 7
I, [2017-07-18T17:22:40.861279 #39527]  INFO -- : (0.000304s) SELECT * FROM "stations" WHERE "id" = 17
I, [2017-07-18T17:22:40.861814 #39527]  INFO -- : (0.000295s) SELECT * FROM "stations" WHERE "id" = 1
I, [2017-07-18T17:22:40.862670 #39527]  INFO -- : (0.000293s) SELECT * FROM "stations" WHERE "id" = 17
I, [2017-07-18T17:22:40.863116 #39527]  INFO -- : (0.000249s) SELECT * FROM "stations" WHERE "id" = 1
I, [2017-07-18T17:22:40.864060 #39527]  INFO -- : (0.000363s) SELECT * FROM "stations" WHERE "id" = 1
I, [2017-07-18T17:22:40.864553 #39527]  INFO -- : (0.000314s) SELECT * FROM "stations" WHERE "id" = 17
I, [2017-07-18T17:22:40.865487 #39527]  INFO -- : (0.000324s) SELECT * FROM "stations" WHERE "id" = 19
I, [2017-07-18T17:22:40.865947 #39527]  INFO -- : (0.000265s) SELECT * FROM "stations" WHERE "id" = 1
I, [2017-07-18T17:22:40.866965 #39527]  INFO -- : (0.000295s) SELECT * FROM "stations" WHERE "id" = 20
I, [2017-07-18T17:22:40.867402 #39527]  INFO -- : (0.000243s) SELECT * FROM "stations" WHERE "id" = 2
I, [2017-07-18T17:22:40.868292 #39527]  INFO -- : (0.000257s) SELECT * FROM "stations" WHERE "id" = 21
I, [2017-07-18T17:22:40.868699 #39527]  INFO -- : (0.000237s) SELECT * FROM "stations" WHERE "id" = 22
I, [2017-07-18T17:22:40.869582 #39527]  INFO -- : (0.000326s) SELECT * FROM "stations" WHERE "id" = 23
I, [2017-07-18T17:22:40.870054 #39527]  INFO -- : (0.000284s) SELECT * FROM "stations" WHERE "id" = 24
I, [2017-07-18T17:22:40.870940 #39527]  INFO -- : (0.000293s) SELECT * FROM "stations" WHERE "id" = 25
I, [2017-07-18T17:22:40.871414 #39527]  INFO -- : (0.000287s) SELECT * FROM "stations" WHERE "id" = 23
I, [2017-07-18T17:22:40.872358 #39527]  INFO -- : (0.000349s) SELECT * FROM "stations" WHERE "id" = 26
I, [2017-07-18T17:22:40.873038 #39527]  INFO -- : (0.000363s) SELECT * FROM "stations" WHERE "id" = 1
I, [2017-07-18T17:22:40.873931 #39527]  INFO -- : (0.000310s) SELECT * FROM "stations" WHERE "id" = 1
I, [2017-07-18T17:22:40.874372 #39527]  INFO -- : (0.000274s) SELECT * FROM "stations" WHERE "id" = 27
I, [2017-07-18T17:22:40.875262 #39527]  INFO -- : (0.000305s) SELECT * FROM "stations" WHERE "id" = 28
I, [2017-07-18T17:22:40.875670 #39527]  INFO -- : (0.000246s) SELECT * FROM "stations" WHERE "id" = 4
I, [2017-07-18T17:22:40.876549 #39527]  INFO -- : (0.000321s) SELECT * FROM "stations" WHERE "id" = 4
I, [2017-07-18T17:22:40.877146 #39527]  INFO -- : (0.000283s) SELECT * FROM "stations" WHERE "id" = 28
I, [2017-07-18T17:22:40.878074 #39527]  INFO -- : (0.000331s) SELECT * FROM "stations" WHERE "id" = 4
I, [2017-07-18T17:22:40.878514 #39527]  INFO -- : (0.000249s) SELECT * FROM "stations" WHERE "id" = 4
I, [2017-07-18T17:22:40.879417 #39527]  INFO -- : (0.000330s) SELECT * FROM "stations" WHERE "id" = 17
I, [2017-07-18T17:22:40.879914 #39527]  INFO -- : (0.000312s) SELECT * FROM "stations" WHERE "id" = 1
I, [2017-07-18T17:22:40.880871 #39527]  INFO -- : (0.000374s) SELECT * FROM "stations" WHERE "id" = 18
I, [2017-07-18T17:22:40.881315 #39527]  INFO -- : (0.000250s) SELECT * FROM "stations" WHERE "id" = 1
I, [2017-07-18T17:22:40.882221 #39527]  INFO -- : (0.000290s) SELECT * FROM "stations" WHERE "id" = 7
I, [2017-07-18T17:22:40.882651 #39527]  INFO -- : (0.000243s) SELECT * FROM "stations" WHERE "id" = 29
I, [2017-07-18T17:22:40.883538 #39527]  INFO -- : (0.000322s) SELECT * FROM "stations" WHERE "id" = 30
I, [2017-07-18T17:22:40.883975 #39527]  INFO -- : (0.000273s) SELECT * FROM "stations" WHERE "id" = 1
I, [2017-07-18T17:22:40.884844 #39527]  INFO -- : (0.000288s) SELECT * FROM "stations" WHERE "id" = 1
I, [2017-07-18T17:22:40.885269 #39527]  INFO -- : (0.000240s) SELECT * FROM "stations" WHERE "id" = 30
I, [2017-07-18T17:22:40.886215 #39527]  INFO -- : (0.000310s) SELECT * FROM "stations" WHERE "id" = 31
I, [2017-07-18T17:22:40.886768 #39527]  INFO -- : (0.000297s) SELECT * FROM "stations" WHERE "id" = 1
I, [2017-07-18T17:22:40.887712 #39527]  INFO -- : (0.000325s) SELECT * FROM "stations" WHERE "id" = 1
I, [2017-07-18T17:22:40.888211 #39527]  INFO -- : (0.000312s) SELECT * FROM "stations" WHERE "id" = 31
I, [2017-07-18T17:22:40.889106 #39527]  INFO -- : (0.000311s) SELECT * FROM "stations" WHERE "id" = 17
I, [2017-07-18T17:22:40.889519 #39527]  INFO -- : (0.000247s) SELECT * FROM "stations" WHERE "id" = 1
I, [2017-07-18T17:22:40.890470 #39527]  INFO -- : (0.000281s) SELECT * FROM "stations" WHERE "id" = 4
I, [2017-07-18T17:22:40.890892 #39527]  INFO -- : (0.000243s) SELECT * FROM "stations" WHERE "id" = 17
I, [2017-07-18T17:22:40.891803 #39527]  INFO -- : (0.000293s) SELECT * FROM "stations" WHERE "id" = 32
I, [2017-07-18T17:22:40.892253 #39527]  INFO -- : (0.000257s) SELECT * FROM "stations" WHERE "id" = 1
I, [2017-07-18T17:22:40.893178 #39527]  INFO -- : (0.000320s) SELECT * FROM "stations" WHERE "id" = 17
I, [2017-07-18T17:22:40.893675 #39527]  INFO -- : (0.000312s) SELECT * FROM "stations" WHERE "id" = 32
I, [2017-07-18T17:22:40.894582 #39527]  INFO -- : (0.000321s) SELECT * FROM "stations" WHERE "id" = 31
I, [2017-07-18T17:22:40.895046 #39527]  INFO -- : (0.000261s) SELECT * FROM "stations" WHERE "id" = 1
I, [2017-07-18T17:22:40.895912 #39527]  INFO -- : (0.000287s) SELECT * FROM "stations" WHERE "id" = 1
I, [2017-07-18T17:22:40.896366 #39527]  INFO -- : (0.000245s) SELECT * FROM "stations" WHERE "id" = 31
I, [2017-07-18T17:22:40.897257 #39527]  INFO -- : (0.000317s) SELECT * FROM "stations" WHERE "id" = 17
I, [2017-07-18T17:22:40.897754 #39527]  INFO -- : (0.000313s) SELECT * FROM "stations" WHERE "id" = 1
I, [2017-07-18T17:22:40.898576 #39527]  INFO -- : (0.000253s) SELECT * FROM "stations" WHERE "id" = 1
I, [2017-07-18T17:22:40.898978 #39527]  INFO -- : (0.000238s) SELECT * FROM "stations" WHERE "id" = 17
I, [2017-07-18T17:22:40.899855 #39527]  INFO -- : (0.000326s) SELECT * FROM "stations" WHERE "id" = 33
I, [2017-07-18T17:22:40.900305 #39527]  INFO -- : (0.000261s) SELECT * FROM "stations" WHERE "id" = 1
I, [2017-07-18T17:22:40.901225 #39527]  INFO -- : (0.000290s) SELECT * FROM "stations" WHERE "id" = 1
I, [2017-07-18T17:22:40.901653 #39527]  INFO -- : (0.000242s) SELECT * FROM "stations" WHERE "id" = 33
I, [2017-07-18T17:22:40.902534 #39527]  INFO -- : (0.000313s) SELECT * FROM "stations" WHERE "id" = 34
I, [2017-07-18T17:22:40.903003 #39527]  INFO -- : (0.000283s) SELECT * FROM "stations" WHERE "id" = 1
I, [2017-07-18T17:22:40.903887 #39527]  INFO -- : (0.000291s) SELECT * FROM "stations" WHERE "id" = 1
I, [2017-07-18T17:22:40.904313 #39527]  INFO -- : (0.000243s) SELECT * FROM "stations" WHERE "id" = 33
I, [2017-07-18T17:22:40.905207 #39527]  INFO -- : (0.000334s) SELECT * FROM "stations" WHERE "id" = 31
I, [2017-07-18T17:22:40.905616 #39527]  INFO -- : (0.000246s) SELECT * FROM "stations" WHERE "id" = 1
I, [2017-07-18T17:22:40.906552 #39527]  INFO -- : (0.000289s) SELECT * FROM "stations" WHERE "id" = 1
I, [2017-07-18T17:22:40.906997 #39527]  INFO -- : (0.000278s) SELECT * FROM "stations" WHERE "id" = 31
I, [2017-07-18T17:22:40.907852 #39527]  INFO -- : (0.000263s) SELECT * FROM "stations" WHERE "id" = 17
I, [2017-07-18T17:22:40.908259 #39527]  INFO -- : (0.000239s) SELECT * FROM "stations" WHERE "id" = 4
I, [2017-07-18T17:22:40.909118 #39527]  INFO -- : (0.000296s) SELECT * FROM "stations" WHERE "id" = 1
I, [2017-07-18T17:22:40.909552 #39527]  INFO -- : (0.000246s) SELECT * FROM "stations" WHERE "id" = 17
I, [2017-07-18T17:22:40.910441 #39527]  INFO -- : (0.000316s) SELECT * FROM "stations" WHERE "id" = 31
I, [2017-07-18T17:22:40.911004 #39527]  INFO -- : (0.000312s) SELECT * FROM "stations" WHERE "id" = 1
I, [2017-07-18T17:22:40.911899 #39527]  INFO -- : (0.000316s) SELECT * FROM "stations" WHERE "id" = 1
I, [2017-07-18T17:22:40.912307 #39527]  INFO -- : (0.000247s) SELECT * FROM "stations" WHERE "id" = 35
I, [2017-07-18T17:22:40.913164 #39527]  INFO -- : (0.000289s) SELECT * FROM "stations" WHERE "id" = 17
I, [2017-07-18T17:22:40.913598 #39527]  INFO -- : (0.000243s) SELECT * FROM "stations" WHERE "id" = 1
I, [2017-07-18T17:22:40.914483 #39527]  INFO -- : (0.000315s) SELECT * FROM "stations" WHERE "id" = 1
I, [2017-07-18T17:22:40.914958 #39527]  INFO -- : (0.000291s) SELECT * FROM "stations" WHERE "id" = 17
I, [2017-07-18T17:22:40.915953 #39527]  INFO -- : (0.000364s) SELECT * FROM "stations" WHERE "id" = 31
I, [2017-07-18T17:22:40.916388 #39527]  INFO -- : (0.000246s) SELECT * FROM "stations" WHERE "id" = 1
I, [2017-07-18T17:22:40.917336 #39527]  INFO -- : (0.000354s) SELECT * FROM "stations" WHERE "id" = 1
I, [2017-07-18T17:22:40.917990 #39527]  INFO -- : (0.000340s) SELECT * FROM "stations" WHERE "id" = 35
I, [2017-07-18T17:22:40.918857 #39527]  INFO -- : (0.000288s) SELECT * FROM "stations" WHERE "id" = 17
I, [2017-07-18T17:22:40.919284 #39527]  INFO -- : (0.000265s) SELECT * FROM "stations" WHERE "id" = 1
I, [2017-07-18T17:22:40.920151 #39527]  INFO -- : (0.000283s) SELECT * FROM "stations" WHERE "id" = 31
I, [2017-07-18T17:22:40.920590 #39527]  INFO -- : (0.000275s) SELECT * FROM "stations" WHERE "id" = 1
I, [2017-07-18T17:22:40.921553 #39527]  INFO -- : (0.000289s) SELECT * FROM "stations" WHERE "id" = 1
I, [2017-07-18T17:22:40.921985 #39527]  INFO -- : (0.000244s) SELECT * FROM "stations" WHERE "id" = 31
I, [2017-07-18T17:22:40.922873 #39527]  INFO -- : (0.000314s) SELECT * FROM "stations" WHERE "id" = 36
I, [2017-07-18T17:22:40.923363 #39527]  INFO -- : (0.000310s) SELECT * FROM "stations" WHERE "id" = 1
I, [2017-07-18T17:22:40.924256 #39527]  INFO -- : (0.000314s) SELECT * FROM "stations" WHERE "id" = 1
I, [2017-07-18T17:22:40.924664 #39527]  INFO -- : (0.000247s) SELECT * FROM "stations" WHERE "id" = 36
I, [2017-07-18T17:22:40.925563 #39527]  INFO -- : (0.000331s) SELECT * FROM "stations" WHERE "id" = 37
I, [2017-07-18T17:22:40.926099 #39527]  INFO -- : (0.000253s) SELECT * FROM "stations" WHERE "id" = 1
I, [2017-07-18T17:22:40.926974 #39527]  INFO -- : (0.000312s) SELECT * FROM "stations" WHERE "id" = 37
I, [2017-07-18T17:22:40.927382 #39527]  INFO -- : (0.000246s) SELECT * FROM "stations" WHERE "id" = 7
I, [2017-07-18T17:22:40.928242 #39527]  INFO -- : (0.000314s) SELECT * FROM "stations" WHERE "id" = 1
I, [2017-07-18T17:22:40.928659 #39527]  INFO -- : (0.000255s) SELECT * FROM "stations" WHERE "id" = 38
I, [2017-07-18T17:22:40.929486 #39527]  INFO -- : (0.000279s) SELECT * FROM "stations" WHERE "id" = 39
I, [2017-07-18T17:22:40.929920 #39527]  INFO -- : (0.000243s) SELECT * FROM "stations" WHERE "id" = 1
I, [2017-07-18T17:22:40.930920 #39527]  INFO -- : (0.000320s) SELECT * FROM "stations" WHERE "id" = 1
I, [2017-07-18T17:22:40.931399 #39527]  INFO -- : (0.000292s) SELECT * FROM "stations" WHERE "id" = 39
I, [2017-07-18T17:22:40.932285 #39527]  INFO -- : (0.000293s) SELECT * FROM "stations" WHERE "id" = 31
I, [2017-07-18T17:22:40.932714 #39527]  INFO -- : (0.000242s) SELECT * FROM "stations" WHERE "id" = 1
I, [2017-07-18T17:22:40.933650 #39527]  INFO -- : (0.000341s) SELECT * FROM "stations" WHERE "id" = 1
I, [2017-07-18T17:22:40.934330 #39527]  INFO -- : (0.000362s) SELECT * FROM "stations" WHERE "id" = 31
I, [2017-07-18T17:22:40.935264 #39527]  INFO -- : (0.000354s) SELECT * FROM "stations" WHERE "id" = 17
I, [2017-07-18T17:22:40.935718 #39527]  INFO -- : (0.000264s) SELECT * FROM "stations" WHERE "id" = 1
I, [2017-07-18T17:22:40.936644 #39527]  INFO -- : (0.000323s) SELECT * FROM "stations" WHERE "id" = 31
I, [2017-07-18T17:22:40.937095 #39527]  INFO -- : (0.000278s) SELECT * FROM "stations" WHERE "id" = 1
I, [2017-07-18T17:22:40.937975 #39527]  INFO -- : (0.000276s) SELECT * FROM "stations" WHERE "id" = 1
I, [2017-07-18T17:22:40.938388 #39527]  INFO -- : (0.000241s) SELECT * FROM "stations" WHERE "id" = 31
I, [2017-07-18T17:22:40.939240 #39527]  INFO -- : (0.000296s) SELECT * FROM "stations" WHERE "id" = 17
I, [2017-07-18T17:22:40.939660 #39527]  INFO -- : (0.000248s) SELECT * FROM "stations" WHERE "id" = 1
I, [2017-07-18T17:22:40.940533 #39527]  INFO -- : (0.000303s) SELECT * FROM "stations" WHERE "id" = 31
I, [2017-07-18T17:22:40.941018 #39527]  INFO -- : (0.000249s) SELECT * FROM "stations" WHERE "id" = 1
I, [2017-07-18T17:22:40.941969 #39527]  INFO -- : (0.000348s) SELECT * FROM "stations" WHERE "id" = 1
I, [2017-07-18T17:22:40.942660 #39527]  INFO -- : (0.000368s) SELECT * FROM "stations" WHERE "id" = 31
I, [2017-07-18T17:22:40.943566 #39527]  INFO -- : (0.000321s) SELECT * FROM "stations" WHERE "id" = 31
I, [2017-07-18T17:22:40.943977 #39527]  INFO -- : (0.000247s) SELECT * FROM "stations" WHERE "id" = 1
I, [2017-07-18T17:22:40.944834 #39527]  INFO -- : (0.000306s) SELECT * FROM "stations" WHERE "id" = 1
I, [2017-07-18T17:22:40.945278 #39527]  INFO -- : (0.000276s) SELECT * FROM "stations" WHERE "id" = 31
I, [2017-07-18T17:22:40.946194 #39527]  INFO -- : (0.000289s) SELECT * FROM "stations" WHERE "id" = 18
I, [2017-07-18T17:22:40.946623 #39527]  INFO -- : (0.000242s) SELECT * FROM "stations" WHERE "id" = 1
I, [2017-07-18T17:22:40.947519 #39527]  INFO -- : (0.000316s) SELECT * FROM "stations" WHERE "id" = 40
I, [2017-07-18T17:22:40.947931 #39527]  INFO -- : (0.000247s) SELECT * FROM "stations" WHERE "id" = 1
I, [2017-07-18T17:22:40.948831 #39527]  INFO -- : (0.000334s) SELECT * FROM "stations" WHERE "id" = 1
I, [2017-07-18T17:22:40.949237 #39527]  INFO -- : (0.000243s) SELECT * FROM "stations" WHERE "id" = 41
I, [2017-07-18T17:22:40.950111 #39527]  INFO -- : (0.000325s) SELECT * FROM "stations" WHERE "id" = 1
I, [2017-07-18T17:22:40.950638 #39527]  INFO -- : (0.000311s) SELECT * FROM "stations" WHERE "id" = 2
I, [2017-07-18T17:22:40.951550 #39527]  INFO -- : (0.000326s) SELECT * FROM "stations" WHERE "id" = 42
I, [2017-07-18T17:22:40.952011 #39527]  INFO -- : (0.000262s) SELECT * FROM "stations" WHERE "id" = 4
I, [2017-07-18T17:22:40.952878 #39527]  INFO -- : (0.000289s) SELECT * FROM "stations" WHERE "id" = 4
I, [2017-07-18T17:22:40.953305 #39527]  INFO -- : (0.000242s) SELECT * FROM "stations" WHERE "id" = 42
I, [2017-07-18T17:22:40.954194 #39527]  INFO -- : (0.000316s) SELECT * FROM "stations" WHERE "id" = 43
I, [2017-07-18T17:22:40.954686 #39527]  INFO -- : (0.000311s) SELECT * FROM "stations" WHERE "id" = 1
I, [2017-07-18T17:22:40.955627 #39527]  INFO -- : (0.000294s) SELECT * FROM "stations" WHERE "id" = 44
I, [2017-07-18T17:22:40.956057 #39527]  INFO -- : (0.000240s) SELECT * FROM "stations" WHERE "id" = 1
I, [2017-07-18T17:22:40.956991 #39527]  INFO -- : (0.000341s) SELECT * FROM "stations" WHERE "id" = 1
I, [2017-07-18T17:22:40.957677 #39527]  INFO -- : (0.000364s) SELECT * FROM "stations" WHERE "id" = 44
I, [2017-07-18T17:22:40.958546 #39527]  INFO -- : (0.000284s) SELECT * FROM "stations" WHERE "id" = 43
I, [2017-07-18T17:22:40.958999 #39527]  INFO -- : (0.000281s) SELECT * FROM "stations" WHERE "id" = 4
I, [2017-07-18T17:22:40.959902 #39527]  INFO -- : (0.000282s) SELECT * FROM "stations" WHERE "id" = 18
I, [2017-07-18T17:22:40.960319 #39527]  INFO -- : (0.000243s) SELECT * FROM "stations" WHERE "id" = 1
I, [2017-07-18T17:22:40.961238 #39527]  INFO -- : (0.000291s) SELECT * FROM "stations" WHERE "id" = 11
I, [2017-07-18T17:22:40.961679 #39527]  INFO -- : (0.000273s) SELECT * FROM "stations" WHERE "id" = 1
I, [2017-07-18T17:22:40.962568 #39527]  INFO -- : (0.000291s) SELECT * FROM "stations" WHERE "id" = 1
I, [2017-07-18T17:22:40.963002 #39527]  INFO -- : (0.000245s) SELECT * FROM "stations" WHERE "id" = 45
I, [2017-07-18T17:22:40.963890 #39527]  INFO -- : (0.000315s) SELECT * FROM "stations" WHERE "id" = 46
I, [2017-07-18T17:22:40.964368 #39527]  INFO -- : (0.000285s) SELECT * FROM "stations" WHERE "id" = 1
I, [2017-07-18T17:22:40.965263 #39527]  INFO -- : (0.000254s) SELECT * FROM "stations" WHERE "id" = 1
I, [2017-07-18T17:22:40.965666 #39527]  INFO -- : (0.000239s) SELECT * FROM "stations" WHERE "id" = 46
I, [2017-07-18T17:22:40.966533 #39527]  INFO -- : (0.000304s) SELECT * FROM "stations" WHERE "id" = 1
I, [2017-07-18T17:22:40.967014 #39527]  INFO -- : (0.000290s) SELECT * FROM "stations" WHERE "id" = 17
I, [2017-07-18T17:22:40.967916 #39527]  INFO -- : (0.000293s) SELECT * FROM "stations" WHERE "id" = 18
I, [2017-07-18T17:22:40.968355 #39527]  INFO -- : (0.000242s) SELECT * FROM "stations" WHERE "id" = 1
I, [2017-07-18T17:22:40.969252 #39527]  INFO -- : (0.000318s) SELECT * FROM "stations" WHERE "id" = 1
I, [2017-07-18T17:22:40.969723 #39527]  INFO -- : (0.000284s) SELECT * FROM "stations" WHERE "id" = 17
I, [2017-07-18T17:22:40.970723 #39527]  INFO -- : (0.000316s) SELECT * FROM "stations" WHERE "id" = 1
I, [2017-07-18T17:22:40.971205 #39527]  INFO -- : (0.000293s) SELECT * FROM "stations" WHERE "id" = 17
I, [2017-07-18T17:22:40.972156 #39527]  INFO -- : (0.000373s) SELECT * FROM "stations" WHERE "id" = 47
I, [2017-07-18T17:22:40.972600 #39527]  INFO -- : (0.000248s) SELECT * FROM "stations" WHERE "id" = 1
I, [2017-07-18T17:22:40.973456 #39527]  INFO -- : (0.000258s) SELECT * FROM "stations" WHERE "id" = 17
I, [2017-07-18T17:22:40.973863 #39527]  INFO -- : (0.000238s) SELECT * FROM "stations" WHERE "id" = 47
I, [2017-07-18T17:23:02.578664 #39527]  INFO -- : (0.001209s) SELECT * FROM "users" WHERE ("id" = 1) LIMIT 1
I, [2017-07-18T17:23:02.586471 #39527]  INFO -- : (0.000535s) SELECT count(*) AS "count" FROM "trips" WHERE ("trips"."user_id" = 1) LIMIT 1
I, [2017-07-18T17:23:02.587842 #39527]  INFO -- : (0.000897s) SELECT * FROM "trips" WHERE ("trips"."user_id" = 1) ORDER BY "ended_at" DESC LIMIT 100 OFFSET 0
I, [2017-07-18T17:23:02.589436 #39527]  INFO -- : (0.000535s) SELECT * FROM "stations" WHERE "id" = 1
I, [2017-07-18T17:23:02.590138 #39527]  INFO -- : (0.000372s) SELECT * FROM "stations" WHERE "id" = 2
I, [2017-07-18T17:23:02.591190 #39527]  INFO -- : (0.000384s) SELECT * FROM "stations" WHERE "id" = 3
I, [2017-07-18T17:23:02.591815 #39527]  INFO -- : (0.000358s) SELECT * FROM "stations" WHERE "id" = 4
I, [2017-07-18T17:23:02.593017 #39527]  INFO -- : (0.000551s) SELECT * FROM "stations" WHERE "id" = 5
I, [2017-07-18T17:23:02.593805 #39527]  INFO -- : (0.000394s) SELECT * FROM "stations" WHERE "id" = 3
I, [2017-07-18T17:23:02.594851 #39527]  INFO -- : (0.000370s) SELECT * FROM "stations" WHERE "id" = 1
I, [2017-07-18T17:23:02.595394 #39527]  INFO -- : (0.000313s) SELECT * FROM "stations" WHERE "id" = 6
I, [2017-07-18T17:23:02.596394 #39527]  INFO -- : (0.000361s) SELECT * FROM "stations" WHERE "id" = 7
I, [2017-07-18T17:23:02.597009 #39527]  INFO -- : (0.000334s) SELECT * FROM "stations" WHERE "id" = 1
I, [2017-07-18T17:23:02.598167 #39527]  INFO -- : (0.000413s) SELECT * FROM "stations" WHERE "id" = 4
I, [2017-07-18T17:23:02.598782 #39527]  INFO -- : (0.000355s) SELECT * FROM "stations" WHERE "id" = 8
I, [2017-07-18T17:23:02.600310 #39527]  INFO -- : (0.000637s) SELECT * FROM "stations" WHERE "id" = 9
I, [2017-07-18T17:23:02.601238 #39527]  INFO -- : (0.000504s) SELECT * FROM "stations" WHERE "id" = 10
I, [2017-07-18T17:23:02.602504 #39527]  INFO -- : (0.000434s) SELECT * FROM "stations" WHERE "id" = 9
I, [2017-07-18T17:23:02.603128 #39527]  INFO -- : (0.000357s) SELECT * FROM "stations" WHERE "id" = 9
I, [2017-07-18T17:23:02.604270 #39527]  INFO -- : (0.000368s) SELECT * FROM "stations" WHERE "id" = 11
I, [2017-07-18T17:23:02.604833 #39527]  INFO -- : (0.000331s) SELECT * FROM "stations" WHERE "id" = 12
I, [2017-07-18T17:23:02.605895 #39527]  INFO -- : (0.000383s) SELECT * FROM "stations" WHERE "id" = 13
I, [2017-07-18T17:23:02.606372 #39527]  INFO -- : (0.000264s) SELECT * FROM "stations" WHERE "id" = 11
I, [2017-07-18T17:23:02.607243 #39527]  INFO -- : (0.000279s) SELECT * FROM "stations" WHERE "id" = 1
I, [2017-07-18T17:23:02.607661 #39527]  INFO -- : (0.000241s) SELECT * FROM "stations" WHERE "id" = 13
I, [2017-07-18T17:23:02.608584 #39527]  INFO -- : (0.000345s) SELECT * FROM "stations" WHERE "id" = 14
I, [2017-07-18T17:23:02.609283 #39527]  INFO -- : (0.000351s) SELECT * FROM "stations" WHERE "id" = 1
I, [2017-07-18T17:23:02.610304 #39527]  INFO -- : (0.000337s) SELECT * FROM "stations" WHERE "id" = 15
I, [2017-07-18T17:23:02.610794 #39527]  INFO -- : (0.000262s) SELECT * FROM "stations" WHERE "id" = 16
I, [2017-07-18T17:23:02.611725 #39527]  INFO -- : (0.000326s) SELECT * FROM "stations" WHERE "id" = 17
I, [2017-07-18T17:23:02.612265 #39527]  INFO -- : (0.000318s) SELECT * FROM "stations" WHERE "id" = 18
I, [2017-07-18T17:23:02.613192 #39527]  INFO -- : (0.000328s) SELECT * FROM "stations" WHERE "id" = 1
I, [2017-07-18T17:23:02.613654 #39527]  INFO -- : (0.000264s) SELECT * FROM "stations" WHERE "id" = 17
I, [2017-07-18T17:23:02.614537 #39527]  INFO -- : (0.000292s) SELECT * FROM "stations" WHERE "id" = 19
I, [2017-07-18T17:23:02.615014 #39527]  INFO -- : (0.000248s) SELECT * FROM "stations" WHERE "id" = 1
I, [2017-07-18T17:23:02.615936 #39527]  INFO -- : (0.000325s) SELECT * FROM "stations" WHERE "id" = 1
I, [2017-07-18T17:23:02.616428 #39527]  INFO -- : (0.000306s) SELECT * FROM "stations" WHERE "id" = 7
I, [2017-07-18T17:23:02.618141 #39527]  INFO -- : (0.000423s) SELECT * FROM "stations" WHERE "id" = 17
I, [2017-07-18T17:23:02.618672 #39527]  INFO -- : (0.000296s) SELECT * FROM "stations" WHERE "id" = 1
I, [2017-07-18T17:23:02.619690 #39527]  INFO -- : (0.000314s) SELECT * FROM "stations" WHERE "id" = 17
I, [2017-07-18T17:23:02.620155 #39527]  INFO -- : (0.000255s) SELECT * FROM "stations" WHERE "id" = 1
I, [2017-07-18T17:23:02.621088 #39527]  INFO -- : (0.000326s) SELECT * FROM "stations" WHERE "id" = 1
I, [2017-07-18T17:23:02.621588 #39527]  INFO -- : (0.000292s) SELECT * FROM "stations" WHERE "id" = 17
I, [2017-07-18T17:23:02.622622 #39527]  INFO -- : (0.000372s) SELECT * FROM "stations" WHERE "id" = 19
I, [2017-07-18T17:23:02.623078 #39527]  INFO -- : (0.000254s) SELECT * FROM "stations" WHERE "id" = 1
I, [2017-07-18T17:23:02.624025 #39527]  INFO -- : (0.000354s) SELECT * FROM "stations" WHERE "id" = 20
I, [2017-07-18T17:23:02.624460 #39527]  INFO -- : (0.000252s) SELECT * FROM "stations" WHERE "id" = 2
I, [2017-07-18T17:23:02.625696 #39527]  INFO -- : (0.000346s) SELECT * FROM "stations" WHERE "id" = 21
I, [2017-07-18T17:23:02.626201 #39527]  INFO -- : (0.000264s) SELECT * FROM "stations" WHERE "id" = 22
I, [2017-07-18T17:23:02.627102 #39527]  INFO -- : (0.000298s) SELECT * FROM "stations" WHERE "id" = 23
I, [2017-07-18T17:23:02.627554 #39527]  INFO -- : (0.000254s) SELECT * FROM "stations" WHERE "id" = 24
I, [2017-07-18T17:23:02.628464 #39527]  INFO -- : (0.000320s) SELECT * FROM "stations" WHERE "id" = 25
I, [2017-07-18T17:23:02.629002 #39527]  INFO -- : (0.000317s) SELECT * FROM "stations" WHERE "id" = 23
I, [2017-07-18T17:23:02.629897 #39527]  INFO -- : (0.000303s) SELECT * FROM "stations" WHERE "id" = 26
I, [2017-07-18T17:23:02.630381 #39527]  INFO -- : (0.000292s) SELECT * FROM "stations" WHERE "id" = 1
I, [2017-07-18T17:23:02.631236 #39527]  INFO -- : (0.000270s) SELECT * FROM "stations" WHERE "id" = 1
I, [2017-07-18T17:23:02.631689 #39527]  INFO -- : (0.000248s) SELECT * FROM "stations" WHERE "id" = 27
I, [2017-07-18T17:23:02.632631 #39527]  INFO -- : (0.000351s) SELECT * FROM "stations" WHERE "id" = 28
I, [2017-07-18T17:23:02.633415 #39527]  INFO -- : (0.000432s) SELECT * FROM "stations" WHERE "id" = 4
I, [2017-07-18T17:23:02.634633 #39527]  INFO -- : (0.000375s) SELECT * FROM "stations" WHERE "id" = 4
I, [2017-07-18T17:23:02.635131 #39527]  INFO -- : (0.000269s) SELECT * FROM "stations" WHERE "id" = 28
I, [2017-07-18T17:23:02.636084 #39527]  INFO -- : (0.000307s) SELECT * FROM "stations" WHERE "id" = 4
I, [2017-07-18T17:23:02.636558 #39527]  INFO -- : (0.000261s) SELECT * FROM "stations" WHERE "id" = 4
I, [2017-07-18T17:23:02.637484 #39527]  INFO -- : (0.000324s) SELECT * FROM "stations" WHERE "id" = 17
I, [2017-07-18T17:23:02.637976 #39527]  INFO -- : (0.000290s) SELECT * FROM "stations" WHERE "id" = 1
I, [2017-07-18T17:23:02.638927 #39527]  INFO -- : (0.000328s) SELECT * FROM "stations" WHERE "id" = 18
I, [2017-07-18T17:23:02.639402 #39527]  INFO -- : (0.000254s) SELECT * FROM "stations" WHERE "id" = 1
I, [2017-07-18T17:23:02.640376 #39527]  INFO -- : (0.000352s) SELECT * FROM "stations" WHERE "id" = 7
I, [2017-07-18T17:23:02.641182 #39527]  INFO -- : (0.000364s) SELECT * FROM "stations" WHERE "id" = 29
I, [2017-07-18T17:23:02.642239 #39527]  INFO -- : (0.000357s) SELECT * FROM "stations" WHERE "id" = 30
I, [2017-07-18T17:23:02.642760 #39527]  INFO -- : (0.000272s) SELECT * FROM "stations" WHERE "id" = 1
I, [2017-07-18T17:23:02.643665 #39527]  INFO -- : (0.000299s) SELECT * FROM "stations" WHERE "id" = 1
I, [2017-07-18T17:23:02.644122 #39527]  INFO -- : (0.000250s) SELECT * FROM "stations" WHERE "id" = 30
I, [2017-07-18T17:23:02.645043 #39527]  INFO -- : (0.000324s) SELECT * FROM "stations" WHERE "id" = 31
I, [2017-07-18T17:23:02.645555 #39527]  INFO -- : (0.000318s) SELECT * FROM "stations" WHERE "id" = 1
I, [2017-07-18T17:23:02.646487 #39527]  INFO -- : (0.000319s) SELECT * FROM "stations" WHERE "id" = 1
I, [2017-07-18T17:23:02.646915 #39527]  INFO -- : (0.000249s) SELECT * FROM "stations" WHERE "id" = 31
I, [2017-07-18T17:23:02.647818 #39527]  INFO -- : (0.000317s) SELECT * FROM "stations" WHERE "id" = 17
I, [2017-07-18T17:23:02.648284 #39527]  INFO -- : (0.000264s) SELECT * FROM "stations" WHERE "id" = 1
I, [2017-07-18T17:23:02.649635 #39527]  INFO -- : (0.000348s) SELECT * FROM "stations" WHERE "id" = 4
I, [2017-07-18T17:23:02.650326 #39527]  INFO -- : (0.000464s) SELECT * FROM "stations" WHERE "id" = 17
I, [2017-07-18T17:23:02.651764 #39527]  INFO -- : (0.000518s) SELECT * FROM "stations" WHERE "id" = 32
I, [2017-07-18T17:23:02.652474 #39527]  INFO -- : (0.000385s) SELECT * FROM "stations" WHERE "id" = 1
I, [2017-07-18T17:23:02.653639 #39527]  INFO -- : (0.000404s) SELECT * FROM "stations" WHERE "id" = 17
I, [2017-07-18T17:23:02.654402 #39527]  INFO -- : (0.000478s) SELECT * FROM "stations" WHERE "id" = 32
I, [2017-07-18T17:23:02.655736 #39527]  INFO -- : (0.000417s) SELECT * FROM "stations" WHERE "id" = 31
I, [2017-07-18T17:23:02.656920 #39527]  INFO -- : (0.000684s) SELECT * FROM "stations" WHERE "id" = 1
I, [2017-07-18T17:23:02.658111 #39527]  INFO -- : (0.000360s) SELECT * FROM "stations" WHERE "id" = 1
I, [2017-07-18T17:23:02.658623 #39527]  INFO -- : (0.000284s) SELECT * FROM "stations" WHERE "id" = 31
I, [2017-07-18T17:23:02.659604 #39527]  INFO -- : (0.000313s) SELECT * FROM "stations" WHERE "id" = 17
I, [2017-07-18T17:23:02.660177 #39527]  INFO -- : (0.000352s) SELECT * FROM "stations" WHERE "id" = 1
I, [2017-07-18T17:23:02.661959 #39527]  INFO -- : (0.001034s) SELECT * FROM "stations" WHERE "id" = 1
I, [2017-07-18T17:23:02.663314 #39527]  INFO -- : (0.000495s) SELECT * FROM "stations" WHERE "id" = 17
I, [2017-07-18T17:23:02.664823 #39527]  INFO -- : (0.000627s) SELECT * FROM "stations" WHERE "id" = 33
I, [2017-07-18T17:23:02.665870 #39527]  INFO -- : (0.000479s) SELECT * FROM "stations" WHERE "id" = 1
I, [2017-07-18T17:23:02.667401 #39527]  INFO -- : (0.000627s) SELECT * FROM "stations" WHERE "id" = 1
I, [2017-07-18T17:23:02.668258 #39527]  INFO -- : (0.000474s) SELECT * FROM "stations" WHERE "id" = 33
I, [2017-07-18T17:23:02.669605 #39527]  INFO -- : (0.000406s) SELECT * FROM "stations" WHERE "id" = 34
I, [2017-07-18T17:23:02.670258 #39527]  INFO -- : (0.000366s) SELECT * FROM "stations" WHERE "id" = 1
I, [2017-07-18T17:23:02.671326 #39527]  INFO -- : (0.000363s) SELECT * FROM "stations" WHERE "id" = 1
I, [2017-07-18T17:23:02.671870 #39527]  INFO -- : (0.000324s) SELECT * FROM "stations" WHERE "id" = 33
I, [2017-07-18T17:23:02.673112 #39527]  INFO -- : (0.000499s) SELECT * FROM "stations" WHERE "id" = 31
I, [2017-07-18T17:23:02.673779 #39527]  INFO -- : (0.000358s) SELECT * FROM "stations" WHERE "id" = 1
I, [2017-07-18T17:23:02.674842 #39527]  INFO -- : (0.000359s) SELECT * FROM "stations" WHERE "id" = 1
I, [2017-07-18T17:23:02.675428 #39527]  INFO -- : (0.000354s) SELECT * FROM "stations" WHERE "id" = 31
I, [2017-07-18T17:23:02.676531 #39527]  INFO -- : (0.000333s) SELECT * FROM "stations" WHERE "id" = 17
I, [2017-07-18T17:23:02.677246 #39527]  INFO -- : (0.000395s) SELECT * FROM "stations" WHERE "id" = 4
I, [2017-07-18T17:23:02.678310 #39527]  INFO -- : (0.000350s) SELECT * FROM "stations" WHERE "id" = 1
I, [2017-07-18T17:23:02.678885 #39527]  INFO -- : (0.000328s) SELECT * FROM "stations" WHERE "id" = 17
I, [2017-07-18T17:23:02.679879 #39527]  INFO -- : (0.000338s) SELECT * FROM "stations" WHERE "id" = 31
I, [2017-07-18T17:23:02.680416 #39527]  INFO -- : (0.000320s) SELECT * FROM "stations" WHERE "id" = 1
I, [2017-07-18T17:23:02.681962 #39527]  INFO -- : (0.000410s) SELECT * FROM "stations" WHERE "id" = 1
I, [2017-07-18T17:23:02.682545 #39527]  INFO -- : (0.000333s) SELECT * FROM "stations" WHERE "id" = 35
I, [2017-07-18T17:23:02.683616 #39527]  INFO -- : (0.000347s) SELECT * FROM "stations" WHERE "id" = 17
I, [2017-07-18T17:23:02.684705 #39527]  INFO -- : (0.000673s) SELECT * FROM "stations" WHERE "id" = 1
I, [2017-07-18T17:23:02.685986 #39527]  INFO -- : (0.000415s) SELECT * FROM "stations" WHERE "id" = 1
I, [2017-07-18T17:23:02.686658 #39527]  INFO -- : (0.000358s) SELECT * FROM "stations" WHERE "id" = 17
I, [2017-07-18T17:23:02.687793 #39527]  INFO -- : (0.000409s) SELECT * FROM "stations" WHERE "id" = 31
I, [2017-07-18T17:23:02.688655 #39527]  INFO -- : (0.000470s) SELECT * FROM "stations" WHERE "id" = 1
I, [2017-07-18T17:23:02.690224 #39527]  INFO -- : (0.000454s) SELECT * FROM "stations" WHERE "id" = 1
I, [2017-07-18T17:23:02.691083 #39527]  INFO -- : (0.000490s) SELECT * FROM "stations" WHERE "id" = 35
I, [2017-07-18T17:23:02.692467 #39527]  INFO -- : (0.000430s) SELECT * FROM "stations" WHERE "id" = 17
I, [2017-07-18T17:23:02.693094 #39527]  INFO -- : (0.000355s) SELECT * FROM "stations" WHERE "id" = 1
I, [2017-07-18T17:23:02.694163 #39527]  INFO -- : (0.000384s) SELECT * FROM "stations" WHERE "id" = 31
I, [2017-07-18T17:23:02.694775 #39527]  INFO -- : (0.000358s) SELECT * FROM "stations" WHERE "id" = 1
I, [2017-07-18T17:23:02.695959 #39527]  INFO -- : (0.000413s) SELECT * FROM "stations" WHERE "id" = 1
I, [2017-07-18T17:23:02.697014 #39527]  INFO -- : (0.000662s) SELECT * FROM "stations" WHERE "id" = 31
I, [2017-07-18T17:23:02.698450 #39527]  INFO -- : (0.000414s) SELECT * FROM "stations" WHERE "id" = 36
I, [2017-07-18T17:23:02.698955 #39527]  INFO -- : (0.000262s) SELECT * FROM "stations" WHERE "id" = 1
I, [2017-07-18T17:23:02.699894 #39527]  INFO -- : (0.000330s) SELECT * FROM "stations" WHERE "id" = 1
I, [2017-07-18T17:23:02.700456 #39527]  INFO -- : (0.000290s) SELECT * FROM "stations" WHERE "id" = 36
I, [2017-07-18T17:23:02.701827 #39527]  INFO -- : (0.000372s) SELECT * FROM "stations" WHERE "id" = 37
I, [2017-07-18T17:23:02.702313 #39527]  INFO -- : (0.000260s) SELECT * FROM "stations" WHERE "id" = 1
I, [2017-07-18T17:23:02.703250 #39527]  INFO -- : (0.000333s) SELECT * FROM "stations" WHERE "id" = 37
I, [2017-07-18T17:23:02.703711 #39527]  INFO -- : (0.000255s) SELECT * FROM "stations" WHERE "id" = 7
I, [2017-07-18T17:23:02.704877 #39527]  INFO -- : (0.000470s) SELECT * FROM "stations" WHERE "id" = 1
I, [2017-07-18T17:23:02.705458 #39527]  INFO -- : (0.000342s) SELECT * FROM "stations" WHERE "id" = 38
I, [2017-07-18T17:23:02.706435 #39527]  INFO -- : (0.000306s) SELECT * FROM "stations" WHERE "id" = 39
I, [2017-07-18T17:23:02.706894 #39527]  INFO -- : (0.000253s) SELECT * FROM "stations" WHERE "id" = 1
I, [2017-07-18T17:23:02.707839 #39527]  INFO -- : (0.000340s) SELECT * FROM "stations" WHERE "id" = 1
I, [2017-07-18T17:23:02.708324 #39527]  INFO -- : (0.000256s) SELECT * FROM "stations" WHERE "id" = 39
I, [2017-07-18T17:23:02.709250 #39527]  INFO -- : (0.000314s) SELECT * FROM "stations" WHERE "id" = 31
I, [2017-07-18T17:23:02.709671 #39527]  INFO -- : (0.000250s) SELECT * FROM "stations" WHERE "id" = 1
I, [2017-07-18T17:23:02.710572 #39527]  INFO -- : (0.000318s) SELECT * FROM "stations" WHERE "id" = 1
I, [2017-07-18T17:23:02.711048 #39527]  INFO -- : (0.000290s) SELECT * FROM "stations" WHERE "id" = 31
I, [2017-07-18T17:23:02.712009 #39527]  INFO -- : (0.000316s) SELECT * FROM "stations" WHERE "id" = 17
I, [2017-07-18T17:23:02.712561 #39527]  INFO -- : (0.000363s) SELECT * FROM "stations" WHERE "id" = 1
I, [2017-07-18T17:23:02.713714 #39527]  INFO -- : (0.000339s) SELECT * FROM "stations" WHERE "id" = 31
I, [2017-07-18T17:23:02.714213 #39527]  INFO -- : (0.000284s) SELECT * FROM "stations" WHERE "id" = 1
I, [2017-07-18T17:23:02.715223 #39527]  INFO -- : (0.000317s) SELECT * FROM "stations" WHERE "id" = 1
I, [2017-07-18T17:23:02.715678 #39527]  INFO -- : (0.000253s) SELECT * FROM "stations" WHERE "id" = 31
I, [2017-07-18T17:23:02.716599 #39527]  INFO -- : (0.000323s) SELECT * FROM "stations" WHERE "id" = 17
I, [2017-07-18T17:23:02.717126 #39527]  INFO -- : (0.000321s) SELECT * FROM "stations" WHERE "id" = 1
I, [2017-07-18T17:23:02.718176 #39527]  INFO -- : (0.000432s) SELECT * FROM "stations" WHERE "id" = 31
I, [2017-07-18T17:23:02.718871 #39527]  INFO -- : (0.000391s) SELECT * FROM "stations" WHERE "id" = 1
I, [2017-07-18T17:23:02.719936 #39527]  INFO -- : (0.000347s) SELECT * FROM "stations" WHERE "id" = 1
I, [2017-07-18T17:23:02.720393 #39527]  INFO -- : (0.000260s) SELECT * FROM "stations" WHERE "id" = 31
I, [2017-07-18T17:23:02.721629 #39527]  INFO -- : (0.000342s) SELECT * FROM "stations" WHERE "id" = 31
I, [2017-07-18T17:23:02.722111 #39527]  INFO -- : (0.000259s) SELECT * FROM "stations" WHERE "id" = 1
I, [2017-07-18T17:23:02.723077 #39527]  INFO -- : (0.000304s) SELECT * FROM "stations" WHERE "id" = 1
I, [2017-07-18T17:23:02.723536 #39527]  INFO -- : (0.000257s) SELECT * FROM "stations" WHERE "id" = 31
I, [2017-07-18T17:23:02.724478 #39527]  INFO -- : (0.000323s) SELECT * FROM "stations" WHERE "id" = 18
I, [2017-07-18T17:23:02.724977 #39527]  INFO -- : (0.000294s) SELECT * FROM "stations" WHERE "id" = 1
I, [2017-07-18T17:23:02.725968 #39527]  INFO -- : (0.000365s) SELECT * FROM "stations" WHERE "id" = 40
I, [2017-07-18T17:23:02.726445 #39527]  INFO -- : (0.000252s) SELECT * FROM "stations" WHERE "id" = 1
I, [2017-07-18T17:23:02.727311 #39527]  INFO -- : (0.000286s) SELECT * FROM "stations" WHERE "id" = 1
I, [2017-07-18T17:23:02.727763 #39527]  INFO -- : (0.000272s) SELECT * FROM "stations" WHERE "id" = 41
I, [2017-07-18T17:23:02.728891 #39527]  INFO -- : (0.000523s) SELECT * FROM "stations" WHERE "id" = 1
I, [2017-07-18T17:23:02.729515 #39527]  INFO -- : (0.000317s) SELECT * FROM "stations" WHERE "id" = 2
I, [2017-07-18T17:23:02.730518 #39527]  INFO -- : (0.000306s) SELECT * FROM "stations" WHERE "id" = 42
I, [2017-07-18T17:23:02.730993 #39527]  INFO -- : (0.000258s) SELECT * FROM "stations" WHERE "id" = 4
I, [2017-07-18T17:23:02.731911 #39527]  INFO -- : (0.000321s) SELECT * FROM "stations" WHERE "id" = 4
I, [2017-07-18T17:23:02.732453 #39527]  INFO -- : (0.000317s) SELECT * FROM "stations" WHERE "id" = 42
I, [2017-07-18T17:23:02.733367 #39527]  INFO -- : (0.000314s) SELECT * FROM "stations" WHERE "id" = 43
I, [2017-07-18T17:23:02.733803 #39527]  INFO -- : (0.000256s) SELECT * FROM "stations" WHERE "id" = 1
I, [2017-07-18T17:23:02.734742 #39527]  INFO -- : (0.000334s) SELECT * FROM "stations" WHERE "id" = 44
I, [2017-07-18T17:23:02.735474 #39527]  INFO -- : (0.000414s) SELECT * FROM "stations" WHERE "id" = 1
I, [2017-07-18T17:23:02.736640 #39527]  INFO -- : (0.000371s) SELECT * FROM "stations" WHERE "id" = 1
I, [2017-07-18T17:23:02.737139 #39527]  INFO -- : (0.000271s) SELECT * FROM "stations" WHERE "id" = 44
I, [2017-07-18T17:23:02.738045 #39527]  INFO -- : (0.000299s) SELECT * FROM "stations" WHERE "id" = 43
I, [2017-07-18T17:23:02.738505 #39527]  INFO -- : (0.000255s) SELECT * FROM "stations" WHERE "id" = 4
I, [2017-07-18T17:23:02.739480 #39527]  INFO -- : (0.000324s) SELECT * FROM "stations" WHERE "id" = 18
I, [2017-07-18T17:23:02.739912 #39527]  INFO -- : (0.000247s) SELECT * FROM "stations" WHERE "id" = 1
I, [2017-07-18T17:23:02.740809 #39527]  INFO -- : (0.000317s) SELECT * FROM "stations" WHERE "id" = 11
I, [2017-07-18T17:23:02.741243 #39527]  INFO -- : (0.000253s) SELECT * FROM "stations" WHERE "id" = 1
I, [2017-07-18T17:23:02.742193 #39527]  INFO -- : (0.000361s) SELECT * FROM "stations" WHERE "id" = 1
I, [2017-07-18T17:23:02.742703 #39527]  INFO -- : (0.000282s) SELECT * FROM "stations" WHERE "id" = 45
I, [2017-07-18T17:23:02.743605 #39527]  INFO -- : (0.000302s) SELECT * FROM "stations" WHERE "id" = 46
I, [2017-07-18T17:23:02.744080 #39527]  INFO -- : (0.000279s) SELECT * FROM "stations" WHERE "id" = 1
I, [2017-07-18T17:23:02.745262 #39527]  INFO -- : (0.000375s) SELECT * FROM "stations" WHERE "id" = 1
I, [2017-07-18T17:23:02.745759 #39527]  INFO -- : (0.000275s) SELECT * FROM "stations" WHERE "id" = 46
I, [2017-07-18T17:23:02.746691 #39527]  INFO -- : (0.000301s) SELECT * FROM "stations" WHERE "id" = 1
I, [2017-07-18T17:23:02.747147 #39527]  INFO -- : (0.000250s) SELECT * FROM "stations" WHERE "id" = 17
I, [2017-07-18T17:23:02.748061 #39527]  INFO -- : (0.000318s) SELECT * FROM "stations" WHERE "id" = 18
I, [2017-07-18T17:23:02.748540 #39527]  INFO -- : (0.000289s) SELECT * FROM "stations" WHERE "id" = 1
I, [2017-07-18T17:23:02.749474 #39527]  INFO -- : (0.000297s) SELECT * FROM "stations" WHERE "id" = 1
I, [2017-07-18T17:23:02.749917 #39527]  INFO -- : (0.000246s) SELECT * FROM "stations" WHERE "id" = 17
I, [2017-07-18T17:23:02.750844 #39527]  INFO -- : (0.000320s) SELECT * FROM "stations" WHERE "id" = 1
I, [2017-07-18T17:23:02.751334 #39527]  INFO -- : (0.000287s) SELECT * FROM "stations" WHERE "id" = 17
I, [2017-07-18T17:23:02.752388 #39527]  INFO -- : (0.000364s) SELECT * FROM "stations" WHERE "id" = 47
I, [2017-07-18T17:23:02.752892 #39527]  INFO -- : (0.000262s) SELECT * FROM "stations" WHERE "id" = 1
I, [2017-07-18T17:23:02.753800 #39527]  INFO -- : (0.000311s) SELECT * FROM "stations" WHERE "id" = 17
I, [2017-07-18T17:23:02.754246 #39527]  INFO -- : (0.000255s) SELECT * FROM "stations" WHERE "id" = 47
